# JRE version: Java(TM) SE Runtime Environment (8.0_231-b11) (build 1.8.0_231-b11)
# Java VM: Java HotSpot(TM) 64-Bit Server VM (25.231-b11 mixed mode windows-amd64 compressed oops)
Heap:
 PSYoungGen      total 153088K, used 13725K [0x0000000715980000, 0x0000000720400000, 0x00000007c0000000)
  eden space 131584K, 10% used [0x0000000715980000,0x00000007166e76b8,0x000000071da00000)
  from space 21504K, 0% used [0x000000071da00000,0x000000071da00000,0x000000071ef00000)
  to   space 21504K, 0% used [0x000000071ef00000,0x000000071ef00000,0x0000000720400000)
 ParOldGen       total 144384K, used 12679K [0x00000005c0c00000, 0x00000005c9900000, 0x0000000715980000)
  object space 144384K, 8% used [0x00000005c0c00000,0x00000005c1861d20,0x00000005c9900000)
 Metaspace       used 20742K, capacity 21290K, committed 21424K, reserved 1069056K
  class space    used 2351K, capacity 2519K, committed 2560K, reserved 1048576K
GC Heap History (4 events):
Event: 15.685 GC heap before
{Heap before GC invocations=1 (full 0):
 PSYoungGen      total 153088K, used 129084K [0x0000000715980000, 0x0000000720400000, 0x00000007c0000000)
  eden space 131584K, 98% used [0x0000000715980000,0x000000071d78f398,0x000000071da00000)
  from space 21504K, 0% used [0x000000071ef00000,0x000000071ef00000,0x0000000720400000)
  to   space 21504K, 0% used [0x000000071da00000,0x000000071da00000,0x000000071ef00000)
 ParOldGen       total 349696K, used 0K [0x00000005c0c00000, 0x00000005d6180000, 0x0000000715980000)
  object space 349696K, 0% used [0x00000005c0c00000,0x00000005c0c00000,0x00000005d6180000)
 Metaspace       used 20522K, capacity 21048K, committed 21296K, reserved 1069056K
  class space    used 2288K, capacity 2420K, committed 2432K, reserved 1048576K
Event: 15.694 GC heap after
Heap after GC invocations=1 (full 0):
 PSYoungGen      total 153088K, used 13456K [0x0000000715980000, 0x0000000720400000, 0x00000007c0000000)
  eden space 131584K, 0% used [0x0000000715980000,0x0000000715980000,0x000000071da00000)
  from space 21504K, 62% used [0x000000071da00000,0x000000071e7242b0,0x000000071ef00000)
  to   space 21504K, 0% used [0x000000071ef00000,0x000000071ef00000,0x0000000720400000)
 ParOldGen       total 349696K, used 32K [0x00000005c0c00000, 0x00000005d6180000, 0x0000000715980000)
  object space 349696K, 0% used [0x00000005c0c00000,0x00000005c0c08000,0x00000005d6180000)
 Metaspace       used 20522K, capacity 21048K, committed 21296K, reserved 1069056K
  class space    used 2288K, capacity 2420K, committed 2432K, reserved 1048576K
}
Event: 15.694 GC heap before
{Heap before GC invocations=2 (full 1):
 PSYoungGen      total 153088K, used 13456K [0x0000000715980000, 0x0000000720400000, 0x00000007c0000000)
  eden space 131584K, 0% used [0x0000000715980000,0x0000000715980000,0x000000071da00000)
  from space 21504K, 62% used [0x000000071da00000,0x000000071e7242b0,0x000000071ef00000)
  to   space 21504K, 0% used [0x000000071ef00000,0x000000071ef00000,0x0000000720400000)
 ParOldGen       total 349696K, used 32K [0x00000005c0c00000, 0x00000005d6180000, 0x0000000715980000)
  object space 349696K, 0% used [0x00000005c0c00000,0x00000005c0c08000,0x00000005d6180000)
 Metaspace       used 20522K, capacity 21048K, committed 21296K, reserved 1069056K
  class space    used 2288K, capacity 2420K, committed 2432K, reserved 1048576K
Event: 15.712 GC heap after
Heap after GC invocations=2 (full 1):
 PSYoungGen      total 153088K, used 0K [0x0000000715980000, 0x0000000720400000, 0x00000007c0000000)
  eden space 131584K, 0% used [0x0000000715980000,0x0000000715980000,0x000000071da00000)
  from space 21504K, 0% used [0x000000071da00000,0x000000071da00000,0x000000071ef00000)
  to   space 21504K, 0% used [0x000000071ef00000,0x000000071ef00000,0x0000000720400000)
 ParOldGen       total 144384K, used 12679K [0x00000005c0c00000, 0x00000005c9900000, 0x0000000715980000)
  object space 144384K, 8% used [0x00000005c0c00000,0x00000005c1861d20,0x00000005c9900000)
 Metaspace       used 20521K, capacity 21046K, committed 21296K, reserved 1069056K
  class space    used 2288K, capacity 2419K, committed 2432K, reserved 1048576K
}

