# JRE version: Java(TM) SE Runtime Environment (8.0_231-b11) (build 1.8.0_231-b11)
# Java VM: Java HotSpot(TM) 64-Bit Server VM (25.231-b11 mixed mode windows-amd64 compressed oops)
Heap:
 PSYoungGen      total 153088K, used 18106K [0x0000000715980000, 0x0000000720400000, 0x00000007c0000000)
  eden space 131584K, 13% used [0x0000000715980000,0x0000000716b2ea38,0x000000071da00000)
  from space 21504K, 0% used [0x000000071ef00000,0x000000071ef00000,0x0000000720400000)
  to   space 21504K, 0% used [0x000000071da00000,0x000000071da00000,0x000000071ef00000)
 ParOldGen       total 136704K, used 4957K [0x00000005c0c00000, 0x00000005c9180000, 0x0000000715980000)
  object space 136704K, 3% used [0x00000005c0c00000,0x00000005c10d74e0,0x00000005c9180000)
 Metaspace       used 20815K, capacity 21368K, committed 21504K, reserved 1069056K
  class space    used 2357K, capacity 2522K, committed 2560K, reserved 1048576K
GC Heap History (6 events):
Event: 61.223 GC heap before
{Heap before GC invocations=1 (full 0):
 PSYoungGen      total 153088K, used 131584K [0x0000000715980000, 0x0000000720400000, 0x00000007c0000000)
  eden space 131584K, 100% used [0x0000000715980000,0x000000071da00000,0x000000071da00000)
  from space 21504K, 0% used [0x000000071ef00000,0x000000071ef00000,0x0000000720400000)
  to   space 21504K, 0% used [0x000000071da00000,0x000000071da00000,0x000000071ef00000)
 ParOldGen       total 349696K, used 0K [0x00000005c0c00000, 0x00000005d6180000, 0x0000000715980000)
  object space 349696K, 0% used [0x00000005c0c00000,0x00000005c0c00000,0x00000005d6180000)
 Metaspace       used 20388K, capacity 20868K, committed 21120K, reserved 1069056K
  class space    used 2269K, capacity 2404K, committed 2432K, reserved 1048576K
Event: 61.231 GC heap after
Heap after GC invocations=1 (full 0):
 PSYoungGen      total 153088K, used 13234K [0x0000000715980000, 0x0000000720400000, 0x00000007c0000000)
  eden space 131584K, 0% used [0x0000000715980000,0x0000000715980000,0x000000071da00000)
  from space 21504K, 61% used [0x000000071da00000,0x000000071e6ec8a8,0x000000071ef00000)
  to   space 21504K, 0% used [0x000000071ef00000,0x000000071ef00000,0x0000000720400000)
 ParOldGen       total 349696K, used 32K [0x00000005c0c00000, 0x00000005d6180000, 0x0000000715980000)
  object space 349696K, 0% used [0x00000005c0c00000,0x00000005c0c08000,0x00000005d6180000)
 Metaspace       used 20388K, capacity 20868K, committed 21120K, reserved 1069056K
  class space    used 2269K, capacity 2404K, committed 2432K, reserved 1048576K
}
Event: 61.466 GC heap before
{Heap before GC invocations=2 (full 0):
 PSYoungGen      total 153088K, used 19111K [0x0000000715980000, 0x0000000720400000, 0x00000007c0000000)
  eden space 131584K, 4% used [0x0000000715980000,0x0000000715f3d698,0x000000071da00000)
  from space 21504K, 61% used [0x000000071da00000,0x000000071e6ec8a8,0x000000071ef00000)
  to   space 21504K, 0% used [0x000000071ef00000,0x000000071ef00000,0x0000000720400000)
 ParOldGen       total 349696K, used 32K [0x00000005c0c00000, 0x00000005d6180000, 0x0000000715980000)
  object space 349696K, 0% used [0x00000005c0c00000,0x00000005c0c08000,0x00000005d6180000)
 Metaspace       used 20621K, capacity 21072K, committed 21248K, reserved 1069056K
  class space    used 2311K, capacity 2448K, committed 2560K, reserved 1048576K
Event: 61.469 GC heap after
Heap after GC invocations=2 (full 0):
 PSYoungGen      total 153088K, used 5273K [0x0000000715980000, 0x0000000720400000, 0x00000007c0000000)
  eden space 131584K, 0% used [0x0000000715980000,0x0000000715980000,0x000000071da00000)
  from space 21504K, 24% used [0x000000071ef00000,0x000000071f4267f0,0x0000000720400000)
  to   space 21504K, 0% used [0x000000071da00000,0x000000071da00000,0x000000071ef00000)
 ParOldGen       total 349696K, used 40K [0x00000005c0c00000, 0x00000005d6180000, 0x0000000715980000)
  object space 349696K, 0% used [0x00000005c0c00000,0x00000005c0c0a000,0x00000005d6180000)
 Metaspace       used 20621K, capacity 21072K, committed 21248K, reserved 1069056K
  class space    used 2311K, capacity 2448K, committed 2560K, reserved 1048576K
}
Event: 61.469 GC heap before
{Heap before GC invocations=3 (full 1):
 PSYoungGen      total 153088K, used 5273K [0x0000000715980000, 0x0000000720400000, 0x00000007c0000000)
  eden space 131584K, 0% used [0x0000000715980000,0x0000000715980000,0x000000071da00000)
  from space 21504K, 24% used [0x000000071ef00000,0x000000071f4267f0,0x0000000720400000)
  to   space 21504K, 0% used [0x000000071da00000,0x000000071da00000,0x000000071ef00000)
 ParOldGen       total 349696K, used 40K [0x00000005c0c00000, 0x00000005d6180000, 0x0000000715980000)
  object space 349696K, 0% used [0x00000005c0c00000,0x00000005c0c0a000,0x00000005d6180000)
 Metaspace       used 20621K, capacity 21072K, committed 21248K, reserved 1069056K
  class space    used 2311K, capacity 2448K, committed 2560K, reserved 1048576K
Event: 61.485 GC heap after
Heap after GC invocations=3 (full 1):
 PSYoungGen      total 153088K, used 0K [0x0000000715980000, 0x0000000720400000, 0x00000007c0000000)
  eden space 131584K, 0% used [0x0000000715980000,0x0000000715980000,0x000000071da00000)
  from space 21504K, 0% used [0x000000071ef00000,0x000000071ef00000,0x0000000720400000)
  to   space 21504K, 0% used [0x000000071da00000,0x000000071da00000,0x000000071ef00000)
 ParOldGen       total 136704K, used 4957K [0x00000005c0c00000, 0x00000005c9180000, 0x0000000715980000)
  object space 136704K, 3% used [0x00000005c0c00000,0x00000005c10d74e0,0x00000005c9180000)
 Metaspace       used 20619K, capacity 21070K, committed 21248K, reserved 1069056K
  class space    used 2310K, capacity 2447K, committed 2560K, reserved 1048576K
}

